#
# A fatal error has been detected by the Java Runtime Environment:
#
#  Internal Error (javaCalls.cpp:51), pid=33958, tid=0x0000000000004e03
#  guarantee(thread->is_Java_thread()) failed: crucial check - the VM thread cannot and must not escape to Java code
#
# JRE version: Java(TM) SE Runtime Environment (8.0_251-b08) (build 1.8.0_251-b08)
# Java VM: Java HotSpot(TM) 64-Bit Server VM (25.251-b08 mixed mode bsd-amd64 compressed oops)
# Failed to write core dump. Core dumps have been disabled. To enable core dumping, try "ulimit -c unlimited" before starting Java again
#
# If you would like to submit a bug report, please visit:
#   http://bugreport.java.com/bugreport/crash.jsp
#

---------------  T H R E A D  ---------------

Current thread (0x00007fe0e7829800):  VMThread [stack: 0x000070000a556000,0x000070000a656000] [id=19971]

Stack: [0x000070000a556000,0x000070000a656000],  sp=0x000070000a654750,  free space=1017k
Native frames: (J=compiled Java code, j=interpreted, Vv=VM code, C=native code)
V  [libjvm.dylib+0x5bbaec]
V  [libjvm.dylib+0x1e9991]
V  [libjvm.dylib+0x2f0054]
V  [libjvm.dylib+0x2f090c]
V  [libjvm.dylib+0x2f0e3f]
V  [libjvm.dylib+0x24452b]
V  [libjvm.dylib+0x244626]
V  [libjvm.dylib+0x244885]
V  [libjvm.dylib+0x2448a0]
V  [libjvm.dylib+0x288663]
V  [libjvm.dylib+0x2886f3]
V  [libjvm.dylib+0x2896f3]
V  [libjvm.dylib+0x28b2c8]
V  [libjvm.dylib+0x28b517]
V  [libjvm.dylib+0x28baae]
V  [libjvm.dylib+0x28bec7]
V  [libjvm.dylib+0x486d15]
V  [libjvm.dylib+0x486f1e]
V  [libjvm.dylib+0x487451]
V  [libjvm.dylib+0x2c37aa]
V  [libjvm.dylib+0x45479d]
V  [libjvm.dylib+0x39bc87]
V  [libjvm.dylib+0x5c3805]
V  [libjvm.dylib+0x5c1d73]
V  [libjvm.dylib+0x5c21c0]
V  [libjvm.dylib+0x5c1adf]
V  [libjvm.dylib+0x48fe2a]
C  [libsystem_pthread.dylib+0x6109]  _pthread_start+0x94
C  [libsystem_pthread.dylib+0x1b8b]  thread_start+0xf

VM_Operation (0x000070000ab679f8): GetOrSetLocal, mode: safepoint, requested by thread 0x00007fe0ea810800


---------------  P R O C E S S  ---------------

Java Threads: ( => current thread )
  0x00007fe0e8aa4800 JavaThread "AsyncResolver-bootstrap-executor-0" daemon [_thread_blocked, id=23047, stack(0x000070000b589000,0x000070000b689000)]
  0x00007fe0ea145800 JavaThread "DiscoveryClient-CacheRefreshExecutor-0" daemon [_thread_blocked, id=41751, stack(0x000070000b892000,0x000070000b992000)]
  0x00007fe0e8862000 JavaThread "DiscoveryClient-HeartbeatExecutor-0" daemon [_thread_blocked, id=23831, stack(0x000070000b78f000,0x000070000b88f000)]
  0x00007fe0eb020000 JavaThread "DestroyJavaVM" [_thread_blocked, id=3843, stack(0x0000700009c3b000,0x0000700009d3b000)]
  0x00007fe0e7d05000 JavaThread "http-nio-12345-AsyncTimeout" daemon [_thread_blocked, id=34819, stack(0x000070000d0da000,0x000070000d1da000)]
  0x00007fe0e88b8000 JavaThread "http-nio-12345-Acceptor-0" daemon [_thread_in_native, id=29443, stack(0x000070000cfd7000,0x000070000d0d7000)]
  0x00007fe0e9847800 JavaThread "http-nio-12345-ClientPoller-1" daemon [_thread_in_native, id=35587, stack(0x000070000ced4000,0x000070000cfd4000)]
  0x00007fe0e7d08000 JavaThread "http-nio-12345-ClientPoller-0" daemon [_thread_in_native, id=36099, stack(0x000070000cdd1000,0x000070000ced1000)]
  0x00007fe0ea845000 JavaThread "http-nio-12345-exec-10" daemon [_thread_blocked, id=29187, stack(0x000070000ccce000,0x000070000cdce000)]
  0x00007fe0eb0b9000 JavaThread "http-nio-12345-exec-9" daemon [_thread_blocked, id=28675, stack(0x000070000cbcb000,0x000070000cccb000)]
  0x00007fe0e88b7800 JavaThread "http-nio-12345-exec-8" daemon [_thread_blocked, id=36611, stack(0x000070000cac8000,0x000070000cbc8000)]
  0x00007fe0ea844000 JavaThread "http-nio-12345-exec-7" daemon [_thread_blocked, id=36867, stack(0x000070000c9c5000,0x000070000cac5000)]
  0x00007fe0eb01b800 JavaThread "http-nio-12345-exec-6" daemon [_thread_blocked, id=27907, stack(0x000070000c8c2000,0x000070000c9c2000)]
  0x00007fe0e88b6800 JavaThread "http-nio-12345-exec-5" daemon [_thread_blocked, id=27651, stack(0x000070000c7bf000,0x000070000c8bf000)]
  0x00007fe0e7cfd000 JavaThread "http-nio-12345-exec-4" daemon [_thread_blocked, id=37635, stack(0x000070000c6bc000,0x000070000c7bc000)]
  0x00007fe0ea843800 JavaThread "http-nio-12345-exec-3" daemon [_thread_blocked, id=26883, stack(0x000070000c5b9000,0x000070000c6b9000)]
  0x00007fe0ea842800 JavaThread "http-nio-12345-exec-2" daemon [_thread_blocked, id=26627, stack(0x000070000c4b6000,0x000070000c5b6000)]
  0x00007fe0e8965000 JavaThread "http-nio-12345-exec-1" daemon [_thread_blocked, id=38663, stack(0x000070000c2b0000,0x000070000c3b0000)]
  0x00007fe0e9840800 JavaThread "NioBlockingSelector.BlockPoller-1" daemon [_thread_in_native, id=38147, stack(0x000070000c3b3000,0x000070000c4b3000)]
  0x00007fe0e83a0800 JavaThread "DiscoveryClient-InstanceInfoReplicator-0" daemon [_thread_blocked, id=39171, stack(0x000070000c1ad000,0x000070000c2ad000)]
  0x00007fe0e9844800 JavaThread "DiscoveryClient-1" daemon [_thread_blocked, id=39683, stack(0x000070000c0aa000,0x000070000c1aa000)]
  0x00007fe0e895e000 JavaThread "DiscoveryClient-0" daemon [_thread_blocked, id=26115, stack(0x000070000bfa7000,0x000070000c0a7000)]
  0x00007fe0e89b9000 JavaThread "AsyncResolver-bootstrap-0" daemon [_thread_blocked, id=40195, stack(0x000070000bea4000,0x000070000bfa4000)]
  0x00007fe0e9865000 JavaThread "Eureka-JerseyClient-Conn-Cleaner2" daemon [_thread_blocked, id=25603, stack(0x000070000bda1000,0x000070000bea1000)]
  0x00007fe0e7cdd800 JavaThread "Eureka-JerseyClient-Conn-Cleaner2" daemon [_thread_blocked, id=40715, stack(0x000070000bc9e000,0x000070000bd9e000)]
  0x00007fe0e8c77800 JavaThread "spring.cloud.inetutils" daemon [_thread_blocked, id=24839, stack(0x000070000bb9b000,0x000070000bc9b000)]
  0x00007fe0e8338800 JavaThread "container-0" [_thread_blocked, id=40963, stack(0x000070000ba98000,0x000070000bb98000)]
  0x00007fe0e8c60800 JavaThread "ContainerBackgroundProcessor[StandardEngine[Tomcat]]" daemon [_thread_blocked, id=41223, stack(0x000070000b995000,0x000070000ba95000)]
  0x00007fe0e99e8000 JavaThread "RMI Scheduler(0)" daemon [_thread_blocked, id=23299, stack(0x000070000b68c000,0x000070000b78c000)]
  0x00007fe0ea107000 JavaThread "Attach Listener" daemon [_thread_blocked, id=42251, stack(0x000070000b486000,0x000070000b586000)]
  0x00007fe0e8156000 JavaThread "RMI TCP Accept-0" daemon [_thread_in_native, id=22531, stack(0x000070000b280000,0x000070000b380000)]
  0x00007fe0ed886000 JavaThread "Service Thread" daemon [_thread_blocked, id=43267, stack(0x000070000b17d000,0x000070000b27d000)]
  0x00007fe0ed885800 JavaThread "C1 CompilerThread3" daemon [_thread_blocked, id=21763, stack(0x000070000b07a000,0x000070000b17a000)]
  0x00007fe0ed884800 JavaThread "C2 CompilerThread2" daemon [_thread_blocked, id=15619, stack(0x000070000af77000,0x000070000b077000)]
  0x00007fe0ed884000 JavaThread "C2 CompilerThread1" daemon [_thread_blocked, id=16387, stack(0x000070000ae74000,0x000070000af74000)]
  0x00007fe0ed883000 JavaThread "C2 CompilerThread0" daemon [_thread_blocked, id=16643, stack(0x000070000ad71000,0x000070000ae71000)]
  0x00007fe0ea00b800 JavaThread "JDWP Command Reader" daemon [_thread_in_native, id=14851, stack(0x000070000ac6e000,0x000070000ad6e000)]
  0x00007fe0eb010800 JavaThread "JDWP Event Helper Thread" daemon [_thread_blocked, id=14339, stack(0x000070000ab6b000,0x000070000ac6b000)]
  0x00007fe0ea810800 JavaThread "JDWP Transport Listener: dt_socket" daemon [_thread_blocked, id=17159, stack(0x000070000aa68000,0x000070000ab68000)]
  0x00007fe0e883c000 JavaThread "Signal Dispatcher" daemon [_thread_blocked, id=14083, stack(0x000070000a965000,0x000070000aa65000)]
  0x00007fe0e8011000 JavaThread "Finalizer" daemon [_thread_blocked, id=12291, stack(0x000070000a75c000,0x000070000a85c000)]
  0x00007fe0ea009800 JavaThread "Reference Handler" daemon [_thread_blocked, id=12035, stack(0x000070000a659000,0x000070000a759000)]

Other Threads:
=>0x00007fe0e7829800 VMThread [stack: 0x000070000a556000,0x000070000a656000] [id=19971]
  0x00007fe0e788f000 WatcherThread [stack: 0x000070000b383000,0x000070000b483000] [id=42755]

VM state:at safepoint (normal execution)

VM Mutex/Monitor currently owned by a thread:  ([mutex/lock_event])
[0x00007fe0e740d0f0] Threads_lock - owner thread: 0x00007fe0e7829800

OutOfMemory and StackOverflow Exception counts:
StackOverflowErrors=7

heap address: 0x0000000740000000, size: 2048 MB, Compressed Oops mode: Zero based, Oop shift amount: 3
Narrow klass base: 0x0000000000000000, Narrow klass shift: 3
Compressed class space size: 1073741824 Address: 0x00000007c0000000

Heap:
 PSYoungGen      total 232960K, used 200057K [0x0000000795580000, 0x00000007a7c00000, 0x00000007c0000000)
  eden space 217088K, 87% used [0x0000000795580000,0x00000007a0e989e0,0x00000007a2980000)
  from space 15872K, 66% used [0x00000007a2980000,0x00000007a33c5cb8,0x00000007a3900000)
  to   space 16384K, 0% used [0x00000007a6c00000,0x00000007a6c00000,0x00000007a7c00000)
 ParOldGen       total 102400K, used 25892K [0x0000000740000000, 0x0000000746400000, 0x0000000795580000)
  object space 102400K, 25% used [0x0000000740000000,0x0000000741949340,0x0000000746400000)
 Metaspace       used 41719K, capacity 42336K, committed 42456K, reserved 1085440K
  class space    used 5381K, capacity 5569K, committed 5592K, reserved 1048576K

Card table byte_map: [0x000000010ef7e000,0x000000010f37f000] byte_map_base: 0x000000010b57e000

Marking Bits: (ParMarkBitMap*) 0x000000010e500f60
 Begin Bits: [0x000000010f62a000, 0x000000011162a000)
 End Bits:   [0x000000011162a000, 0x000000011362a000)

Polling page: 0x000000010cab1000

CodeCache: size=245760Kb used=10722Kb max_used=10722Kb free=235037Kb
 bounds [0x0000000118d10000, 0x0000000119790000, 0x0000000127d10000]
 total_blobs=5617 nmethods=5127 adapters=409
 compilation: enabled

Compilation events (10 events):
Event: 1776.840 Thread 0x00007fe0ed885800 5272       1       org.apache.tomcat.util.buf.CharChunk::getStart (5 bytes)
Event: 1776.840 Thread 0x00007fe0ed885800 nmethod 5272 0x0000000119785510 code [0x0000000119785660, 0x0000000119785770]
Event: 1776.841 Thread 0x00007fe0ed885800 5273       1       org.apache.catalina.core.StandardWrapper::getServlet (5 bytes)
Event: 1776.841 Thread 0x00007fe0ed885800 nmethod 5273 0x00000001197857d0 code [0x0000000119785920, 0x0000000119785a30]
Event: 1776.841 Thread 0x00007fe0ed885800 5274       1       java.util.GregorianCalendar::computeFields (1571 bytes)
Event: 1776.854 Thread 0x00007fe0ed885800 nmethod 5274 0x0000000119785a90 code [0x0000000119785f00, 0x0000000119788888]
Event: 1776.854 Thread 0x00007fe0ed885800 5276       1       jdk.internal.org.objectweb.asm.MethodWriter::visitMethodInsn (220 bytes)
Event: 1776.857 Thread 0x00007fe0ed885800 nmethod 5276 0x000000011978cdd0 code [0x000000011978cf80, 0x000000011978d348]
Event: 1776.858 Thread 0x00007fe0ed885800 5275       1       org.apache.catalina.core.StandardContext::getPath (5 bytes)
Event: 1776.858 Thread 0x00007fe0ed885800 nmethod 5275 0x000000011978d6d0 code [0x000000011978d820, 0x000000011978d930]

GC Heap History (10 events):
Event: 2.688 GC heap before
{Heap before GC invocations=9 (full 1):
 PSYoungGen      total 136704K, used 135256K [0x0000000795580000, 0x00000007a0a80000, 0x00000007c0000000)
  eden space 128000K, 100% used [0x0000000795580000,0x000000079d280000,0x000000079d280000)
  from space 8704K, 83% used [0x000000079d280000,0x000000079d996390,0x000000079db00000)
  to   space 9216K, 0% used [0x00000007a0180000,0x00000007a0180000,0x00000007a0a80000)
 ParOldGen       total 55808K, used 7266K [0x0000000740000000, 0x0000000743680000, 0x0000000795580000)
  object space 55808K, 13% used [0x0000000740000000,0x0000000740718978,0x0000000743680000)
 Metaspace       used 28393K, capacity 28914K, committed 29184K, reserved 1075200K
  class space    used 3635K, capacity 3768K, committed 3840K, reserved 1048576K
Event: 2.697 GC heap after
Heap after GC invocations=9 (full 1):
 PSYoungGen      total 173568K, used 9197K [0x0000000795580000, 0x00000007a2e80000, 0x00000007c0000000)
  eden space 164352K, 0% used [0x0000000795580000,0x0000000795580000,0x000000079f600000)
  from space 9216K, 99% used [0x00000007a0180000,0x00000007a0a7b470,0x00000007a0a80000)
  to   space 11776K, 0% used [0x000000079f600000,0x000000079f600000,0x00000007a0180000)
 ParOldGen       total 55808K, used 10840K [0x0000000740000000, 0x0000000743680000, 0x0000000795580000)
  object space 55808K, 19% used [0x0000000740000000,0x0000000740a96328,0x0000000743680000)
 Metaspace       used 28393K, capacity 28914K, committed 29184K, reserved 1075200K
  class space    used 3635K, capacity 3768K, committed 3840K, reserved 1048576K
}
Event: 3.320 GC heap before
{Heap before GC invocations=10 (full 1):
 PSYoungGen      total 173568K, used 173549K [0x0000000795580000, 0x00000007a2e80000, 0x00000007c0000000)
  eden space 164352K, 100% used [0x0000000795580000,0x000000079f600000,0x000000079f600000)
  from space 9216K, 99% used [0x00000007a0180000,0x00000007a0a7b470,0x00000007a0a80000)
  to   space 11776K, 0% used [0x000000079f600000,0x000000079f600000,0x00000007a0180000)
 ParOldGen       total 55808K, used 10840K [0x0000000740000000, 0x0000000743680000, 0x0000000795580000)
  object space 55808K, 19% used [0x0000000740000000,0x0000000740a96328,0x0000000743680000)
 Metaspace       used 30935K, capacity 31470K, committed 31872K, reserved 1077248K
  class space    used 3982K, capacity 4098K, committed 4224K, reserved 1048576K
Event: 3.330 GC heap after
Heap after GC invocations=10 (full 1):
 PSYoungGen      total 176128K, used 11749K [0x0000000795580000, 0x00000007a4800000, 0x00000007c0000000)
  eden space 164352K, 0% used [0x0000000795580000,0x0000000795580000,0x000000079f600000)
  from space 11776K, 99% used [0x000000079f600000,0x00000007a01795b0,0x00000007a0180000)
  to   space 15360K, 0% used [0x00000007a3900000,0x00000007a3900000,0x00000007a4800000)
 ParOldGen       total 55808K, used 15862K [0x0000000740000000, 0x0000000743680000, 0x0000000795580000)
  object space 55808K, 28% used [0x0000000740000000,0x0000000740f7d900,0x0000000743680000)
 Metaspace       used 30935K, capacity 31470K, committed 31872K, reserved 1077248K
  class space    used 3982K, capacity 4098K, committed 4224K, reserved 1048576K
}
Event: 3.764 GC heap before
{Heap before GC invocations=11 (full 1):
 PSYoungGen      total 176128K, used 91379K [0x0000000795580000, 0x00000007a4800000, 0x00000007c0000000)
  eden space 164352K, 48% used [0x0000000795580000,0x000000079a343738,0x000000079f600000)
  from space 11776K, 99% used [0x000000079f600000,0x00000007a01795b0,0x00000007a0180000)
  to   space 15360K, 0% used [0x00000007a3900000,0x00000007a3900000,0x00000007a4800000)
 ParOldGen       total 55808K, used 15862K [0x0000000740000000, 0x0000000743680000, 0x0000000795580000)
  object space 55808K, 28% used [0x0000000740000000,0x0000000740f7d900,0x0000000743680000)
 Metaspace       used 34727K, capacity 35316K, committed 35416K, reserved 1079296K
  class space    used 4459K, capacity 4635K, committed 4696K, reserved 1048576K
Event: 3.775 GC heap after
Heap after GC invocations=11 (full 1):
 PSYoungGen      total 232448K, used 11419K [0x0000000795580000, 0x00000007a4b00000, 0x00000007c0000000)
  eden space 217088K, 0% used [0x0000000795580000,0x0000000795580000,0x00000007a2980000)
  from space 15360K, 74% used [0x00000007a3900000,0x00000007a4426c28,0x00000007a4800000)
  to   space 15872K, 0% used [0x00000007a2980000,0x00000007a2980000,0x00000007a3900000)
 ParOldGen       total 55808K, used 22099K [0x0000000740000000, 0x0000000743680000, 0x0000000795580000)
  object space 55808K, 39% used [0x0000000740000000,0x0000000741594e08,0x0000000743680000)
 Metaspace       used 34727K, capacity 35316K, committed 35416K, reserved 1079296K
  class space    used 4459K, capacity 4635K, committed 4696K, reserved 1048576K
}
Event: 3.775 GC heap before
{Heap before GC invocations=12 (full 2):
 PSYoungGen      total 232448K, used 11419K [0x0000000795580000, 0x00000007a4b00000, 0x00000007c0000000)
  eden space 217088K, 0% used [0x0000000795580000,0x0000000795580000,0x00000007a2980000)
  from space 15360K, 74% used [0x00000007a3900000,0x00000007a4426c28,0x00000007a4800000)
  to   space 15872K, 0% used [0x00000007a2980000,0x00000007a2980000,0x00000007a3900000)
 ParOldGen       total 55808K, used 22099K [0x0000000740000000, 0x0000000743680000, 0x0000000795580000)
  object space 55808K, 39% used [0x0000000740000000,0x0000000741594e08,0x0000000743680000)
 Metaspace       used 34727K, capacity 35316K, committed 35416K, reserved 1079296K
  class space    used 4459K, capacity 4635K, committed 4696K, reserved 1048576K
Event: 3.844 GC heap after
Heap after GC invocations=12 (full 2):
 PSYoungGen      total 232448K, used 0K [0x0000000795580000, 0x00000007a4b00000, 0x00000007c0000000)
  eden space 217088K, 0% used [0x0000000795580000,0x0000000795580000,0x00000007a2980000)
  from space 15360K, 0% used [0x00000007a3900000,0x00000007a3900000,0x00000007a4800000)
  to   space 15872K, 0% used [0x00000007a2980000,0x00000007a2980000,0x00000007a3900000)
 ParOldGen       total 102400K, used 25884K [0x0000000740000000, 0x0000000746400000, 0x0000000795580000)
  object space 102400K, 25% used [0x0000000740000000,0x0000000741947340,0x0000000746400000)
 Metaspace       used 34727K, capacity 35316K, committed 35416K, reserved 1079296K
  class space    used 4459K, capacity 4635K, committed 4696K, reserved 1048576K
}
Event: 664.978 GC heap before
{Heap before GC invocations=13 (full 2):
 PSYoungGen      total 232448K, used 217088K [0x0000000795580000, 0x00000007a4b00000, 0x00000007c0000000)
  eden space 217088K, 100% used [0x0000000795580000,0x00000007a2980000,0x00000007a2980000)
  from space 15360K, 0% used [0x00000007a3900000,0x00000007a3900000,0x00000007a4800000)
  to   space 15872K, 0% used [0x00000007a2980000,0x00000007a2980000,0x00000007a3900000)
 ParOldGen       total 102400K, used 25884K [0x0000000740000000, 0x0000000746400000, 0x0000000795580000)
  object space 102400K, 25% used [0x0000000740000000,0x0000000741947340,0x0000000746400000)
 Metaspace       used 41580K, capacity 42254K, committed 42456K, reserved 1085440K
  class space    used 5371K, capacity 5562K, committed 5592K, reserved 1048576K
Event: 665.245 GC heap after
Heap after GC invocations=13 (full 2):
 PSYoungGen      total 232960K, used 10519K [0x0000000795580000, 0x00000007a7c00000, 0x00000007c0000000)
  eden space 217088K, 0% used [0x0000000795580000,0x0000000795580000,0x00000007a2980000)
  from space 15872K, 66% used [0x00000007a2980000,0x00000007a33c5cb8,0x00000007a3900000)
  to   space 16384K, 0% used [0x00000007a6c00000,0x00000007a6c00000,0x00000007a7c00000)
 ParOldGen       total 102400K, used 25892K [0x0000000740000000, 0x0000000746400000, 0x0000000795580000)
  object space 102400K, 25% used [0x0000000740000000,0x0000000741949340,0x0000000746400000)
 Metaspace       used 41580K, capacity 42254K, committed 42456K, reserved 1085440K
  class space    used 5371K, capacity 5562K, committed 5592K, reserved 1048576K
}

Deoptimization events (0 events):
No events

Classes redefined (5 events):
Event: 1455.719 Thread 0x00007fe0e7829800 redefined class name=com.fxb.mocker.utils.bean.NewBeanUtil, count=1
Event: 1519.169 Thread 0x00007fe0e7829800 redefined class name=com.fxb.mocker.utils.bean.NewBeanUtil, count=2
Event: 1650.727 Thread 0x00007fe0e7829800 redefined class name=com.fxb.mocker.utils.bean.NewBeanUtil, count=3
Event: 1676.986 Thread 0x00007fe0e7829800 redefined class name=com.fxb.mocker.utils.bean.NewBeanUtil, count=4
Event: 1769.972 Thread 0x00007fe0e7829800 redefined class name=com.fxb.mocker.utils.bean.NewBeanUtil, count=5

Internal exceptions (10 events):
Event: 1492.875 Thread 0x00007fe0ea145800 Exception <a 'java/net/SocketTimeoutException': Read timed out> (0x000000079c6b51e0) thrown at [/jenkins/workspace/8-2-build-macosx-x86_64/jdk8u251/737/hotspot/src/share/vm/prims/jni.cpp, line 736]
Event: 1568.396 Thread 0x00007fe0ea842800 StackOverflowError at 0x0000000118f2a320
Event: 1568.396 Thread 0x00007fe0ea842800 Exception <a 'java/lang/StackOverflowError'> (0x000000079e4ca5b0) thrown at [/jenkins/workspace/8-2-build-macosx-x86_64/jdk8u251/737/hotspot/src/share/vm/runtime/sharedRuntime.cpp, line 605]
Event: 1568.405 Thread 0x00007fe0ea842800 Exception <a 'java/lang/reflect/InvocationTargetException'> (0x000000079e4ce2d0) thrown at [/jenkins/workspace/8-2-build-macosx-x86_64/jdk8u251/737/hotspot/src/share/vm/runtime/reflection.cpp, line 1092]
Event: 1624.331 Thread 0x00007fe0ea145800 Exception <a 'java/net/SocketTimeoutException': Read timed out> (0x000000079cd4ff68) thrown at [/jenkins/workspace/8-2-build-macosx-x86_64/jdk8u251/737/hotspot/src/share/vm/prims/jni.cpp, line 736]
Event: 1654.363 Thread 0x00007fe0ea145800 Exception <a 'java/net/SocketTimeoutException': Read timed out> (0x000000079ed97c78) thrown at [/jenkins/workspace/8-2-build-macosx-x86_64/jdk8u251/737/hotspot/src/share/vm/prims/jni.cpp, line 736]
Event: 1715.925 Thread 0x00007fe0e7cfd000 StackOverflowError at 0x000000011914eda0
Event: 1715.925 Thread 0x00007fe0e7cfd000 Exception <a 'java/lang/StackOverflowError'> (0x00000007a03e0c98) thrown at [/jenkins/workspace/8-2-build-macosx-x86_64/jdk8u251/737/hotspot/src/share/vm/runtime/sharedRuntime.cpp, line 605]
Event: 1715.934 Thread 0x00007fe0e7cfd000 Exception <a 'java/lang/reflect/InvocationTargetException'> (0x00000007a03e49b8) thrown at [/jenkins/workspace/8-2-build-macosx-x86_64/jdk8u251/737/hotspot/src/share/vm/runtime/reflection.cpp, line 1092]
Event: 1775.774 Thread 0x00007fe0ea145800 Exception <a 'java/net/SocketTimeoutException': Read timed out> (0x00000007a0d015d0) thrown at [/jenkins/workspace/8-2-build-macosx-x86_64/jdk8u251/737/hotspot/src/share/vm/prims/jni.cpp, line 736]

Events (10 events):
Event: 1776.390 Executing VM operation: RevokeBias done
Event: 1776.843 Thread 0x00007fe0eb0b9000 DEOPT PACKING pc=0x00000001196d75c1 sp=0x000070000ccc81b0
Event: 1776.843 Thread 0x00007fe0eb0b9000 DEOPT UNPACKING pc=0x0000000118d57784 sp=0x000070000ccc7ec0 mode 1
Event: 1776.844 Thread 0x00007fe0eb0b9000 DEOPT PACKING pc=0x00000001196d75c1 sp=0x000070000ccc80f0
Event: 1776.844 Thread 0x00007fe0eb0b9000 DEOPT UNPACKING pc=0x0000000118d57784 sp=0x000070000ccc7e00 mode 1
Event: 1776.844 Thread 0x00007fe0eb0b9000 DEOPT PACKING pc=0x00000001196d75c1 sp=0x000070000ccc8030
Event: 1776.844 Thread 0x00007fe0eb0b9000 DEOPT UNPACKING pc=0x0000000118d57784 sp=0x000070000ccc7d40 mode 1
Event: 1776.846 Executing VM operation: ForceSafepoint
Event: 1776.847 Executing VM operation: ForceSafepoint done
Event: 1776.909 Executing VM operation: GetOrSetLocal


Dynamic libraries:
0x00007fff30982000 	/System/Library/Frameworks/Cocoa.framework/Versions/A/Cocoa
0x00007fff3e177000 	/System/Library/Frameworks/Security.framework/Versions/A/Security
0x00007fff2f8e7000 	/System/Library/Frameworks/ApplicationServices.framework/Versions/A/ApplicationServices
0x00007fff6ac9a000 	/usr/lib/libz.1.dylib
0x00007fff6875e000 	/usr/lib/libSystem.B.dylib
0x00007fff6a5be000 	/usr/lib/libobjc.A.dylib
0x00007fff31824000 	/System/Library/Frameworks/CoreFoundation.framework/Versions/A/CoreFoundation
0x00007fff33ee1000 	/System/Library/Frameworks/Foundation.framework/Versions/C/Foundation
0x00007fff2ead7000 	/System/Library/Frameworks/AppKit.framework/Versions/C/AppKit
0x00007fff31306000 	/System/Library/Frameworks/CoreData.framework/Versions/A/CoreData
0x00007fff62774000 	/System/Library/PrivateFrameworks/UIFoundation.framework/Versions/A/UIFoundation
0x00007fff5d808000 	/System/Library/PrivateFrameworks/RemoteViewServices.framework/Versions/A/RemoteViewServices
0x00007fff652ce000 	/System/Library/PrivateFrameworks/XCTTargetBootstrap.framework/Versions/A/XCTTargetBootstrap
0x00007fff316f1000 	/System/Library/Frameworks/CoreDisplay.framework/Versions/A/CoreDisplay
0x00007fff36d9b000 	/System/Library/Frameworks/Metal.framework/Versions/A/Metal
0x00007fff4b80b000 	/System/Library/PrivateFrameworks/DesktopServicesPriv.framework/Versions/A/DesktopServicesPriv
0x00007fff69899000 	/usr/lib/liblangid.dylib
0x00007fff4aaa0000 	/System/Library/PrivateFrameworks/CoreSVG.framework/Versions/A/CoreSVG
0x00007fff60964000 	/System/Library/PrivateFrameworks/SkyLight.framework/Versions/A/SkyLight
0x00007fff31ca5000 	/System/Library/Frameworks/CoreGraphics.framework/Versions/A/CoreGraphics
0x00007fff2d4ab000 	/System/Library/Frameworks/Accelerate.framework/Versions/A/Accelerate
0x00007fff6ab8b000 	/usr/lib/libxml2.2.dylib
0x00007fff56793000 	/System/Library/PrivateFrameworks/IconServices.framework/Versions/A/IconServices
0x00007fff346c0000 	/System/Library/Frameworks/IOSurface.framework/Versions/A/IOSurface
0x00007fff68288000 	/usr/lib/libDiagnosticMessagesClient.dylib
0x00007fff4b665000 	/System/Library/PrivateFrameworks/DFRFoundation.framework/Versions/A/DFRFoundation
0x00007fff69628000 	/usr/lib/libicucore.A.dylib
0x00007fff2fc19000 	/System/Library/Frameworks/AudioToolbox.framework/Versions/A/AudioToolbox
0x00007fff2fcfc000 	/System/Library/Frameworks/AudioUnit.framework/Versions/A/AudioUnit
0x00007fff68960000 	/usr/lib/libauto.dylib
0x00007fff4b707000 	/System/Library/PrivateFrameworks/DataDetectorsCore.framework/Versions/A/DataDetectorsCore
0x00007fff304a3000 	/System/Library/Frameworks/Carbon.framework/Versions/A/Frameworks/HIToolbox.framework/Versions/A/HIToolbox
0x00007fff3d373000 	/System/Library/Frameworks/QuartzCore.framework/Versions/A/QuartzCore
0x00007fff307e2000 	/System/Library/Frameworks/Carbon.framework/Versions/A/Frameworks/SpeechRecognition.framework/Versions/A/SpeechRecognition
0x00007fff4b179000 	/System/Library/PrivateFrameworks/CoreUI.framework/Versions/A/CoreUI
0x00007fff30d71000 	/System/Library/Frameworks/CoreAudio.framework/Versions/A/CoreAudio
0x00007fff33ba0000 	/System/Library/Frameworks/DiskArbitration.framework/Versions/A/DiskArbitration
0x00007fff587e3000 	/System/Library/PrivateFrameworks/MultitouchSupport.framework/Versions/A/MultitouchSupport
0x00007fff694ef000 	/usr/lib/libenergytrace.dylib
0x00007fff3461a000 	/System/Library/Frameworks/IOKit.framework/Versions/A/IOKit
0x00007fff32c0c000 	/System/Library/Frameworks/CoreServices.framework/Versions/A/CoreServices
0x00007fff5a99b000 	/System/Library/PrivateFrameworks/PerformanceAnalysis.framework/Versions/A/PerformanceAnalysis
0x00007fff3c3a6000 	/System/Library/Frameworks/OpenGL.framework/Versions/A/OpenGL
0x00007fff30990000 	/System/Library/Frameworks/ColorSync.framework/Versions/A/ColorSync
0x00007fff32328000 	/System/Library/Frameworks/CoreImage.framework/Versions/A/CoreImage
0x00007fff3367f000 	/System/Library/Frameworks/CoreText.framework/Versions/A/CoreText
0x00007fff34750000 	/System/Library/Frameworks/ImageIO.framework/Versions/A/ImageIO
0x00007fff68a44000 	/usr/lib/libc++.1.dylib
0x00007fff68ac0000 	/usr/lib/libcompression.dylib
0x00007fff685cc000 	/usr/lib/libMobileGestalt.dylib
0x00007fff624de000 	/System/Library/PrivateFrameworks/TextureIO.framework/Versions/A/TextureIO
0x00007fff688c3000 	/usr/lib/libate.dylib
0x00007fff5699c000 	/System/Library/PrivateFrameworks/InternationalSupport.framework/Versions/A/InternationalSupport
0x00007fff6b55b000 	/usr/lib/system/libcache.dylib
0x00007fff6b561000 	/usr/lib/system/libcommonCrypto.dylib
0x00007fff6b56d000 	/usr/lib/system/libcompiler_rt.dylib
0x00007fff6b575000 	/usr/lib/system/libcopyfile.dylib
0x00007fff6b57f000 	/usr/lib/system/libcorecrypto.dylib
0x00007fff6b71e000 	/usr/lib/system/libdispatch.dylib
0x00007fff6b75f000 	/usr/lib/system/libdyld.dylib
0x00007fff6b796000 	/usr/lib/system/libkeymgr.dylib
0x00007fff6b7a4000 	/usr/lib/system/liblaunch.dylib
0x00007fff6b7a5000 	/usr/lib/system/libmacho.dylib
0x00007fff6b7ab000 	/usr/lib/system/libquarantine.dylib
0x00007fff6b7ae000 	/usr/lib/system/libremovefile.dylib
0x00007fff6b7b0000 	/usr/lib/system/libsystem_asl.dylib
0x00007fff6b7c8000 	/usr/lib/system/libsystem_blocks.dylib
0x00007fff6b7c9000 	/usr/lib/system/libsystem_c.dylib
0x00007fff6b851000 	/usr/lib/system/libsystem_configuration.dylib
0x00007fff6b855000 	/usr/lib/system/libsystem_coreservices.dylib
0x00007fff6b859000 	/usr/lib/system/libsystem_darwin.dylib
0x00007fff6b862000 	/usr/lib/system/libsystem_dnssd.dylib
0x00007fff6b86a000 	/usr/lib/system/libsystem_featureflags.dylib
0x00007fff6b86c000 	/usr/lib/system/libsystem_info.dylib
0x00007fff6b8e7000 	/usr/lib/system/libsystem_m.dylib
0x00007fff6b92f000 	/usr/lib/system/libsystem_malloc.dylib
0x00007fff6b957000 	/usr/lib/system/libsystem_networkextension.dylib
0x00007fff6b965000 	/usr/lib/system/libsystem_notify.dylib
0x00007fff6b983000 	/usr/lib/system/libsystem_sandbox.dylib
0x00007fff6b988000 	/usr/lib/system/libsystem_secinit.dylib
0x00007fff6b8ba000 	/usr/lib/system/libsystem_kernel.dylib
0x00007fff6b96f000 	/usr/lib/system/libsystem_platform.dylib
0x00007fff6b978000 	/usr/lib/system/libsystem_pthread.dylib
0x00007fff6b98b000 	/usr/lib/system/libsystem_symptoms.dylib
0x00007fff6b993000 	/usr/lib/system/libsystem_trace.dylib
0x00007fff6b9ab000 	/usr/lib/system/libunwind.dylib
0x00007fff6b9b1000 	/usr/lib/system/libxpc.dylib
0x00007fff68a97000 	/usr/lib/libc++abi.dylib
0x00007fff6989b000 	/usr/lib/liblzma.5.dylib
0x00007fff69516000 	/usr/lib/libfakelink.dylib
0x00007fff68850000 	/usr/lib/libarchive.2.dylib
0x00007fff3f228000 	/System/Library/Frameworks/SystemConfiguration.framework/Versions/A/SystemConfiguration
0x00007fff681bb000 	/usr/lib/libCRFSuite.dylib
0x00007fff30093000 	/System/Library/Frameworks/CFNetwork.framework/Versions/A/CFNetwork
0x00007fff68a26000 	/usr/lib/libbsm.0.dylib
0x00007fff6b797000 	/usr/lib/system/libkxld.dylib
0x00007fff44fe2000 	/System/Library/PrivateFrameworks/AppleFSCompression.framework/Versions/A/AppleFSCompression
0x00007fff68db1000 	/usr/lib/libcoretls.dylib
0x00007fff68dc8000 	/usr/lib/libcoretls_cfhelpers.dylib
0x00007fff6a604000 	/usr/lib/libpam.2.dylib
0x00007fff6a739000 	/usr/lib/libsqlite3.dylib
0x00007fff6ab78000 	/usr/lib/libxar.1.dylib
0x00007fff68a37000 	/usr/lib/libbz2.1.0.dylib
0x00007fff69537000 	/usr/lib/libiconv.2.dylib
0x00007fff68aad000 	/usr/lib/libcharset.1.dylib
0x00007fff6a0a1000 	/usr/lib/libnetwork.dylib
0x00007fff6a60b000 	/usr/lib/libpcap.A.dylib
0x00007fff68805000 	/usr/lib/libapple_nghttp2.dylib
0x00007fff32fc3000 	/System/Library/Frameworks/CoreServices.framework/Versions/A/Frameworks/FSEvents.framework/Versions/A/FSEvents
0x00007fff32c93000 	/System/Library/Frameworks/CoreServices.framework/Versions/A/Frameworks/CarbonCore.framework/Versions/A/CarbonCore
0x00007fff33207000 	/System/Library/Frameworks/CoreServices.framework/Versions/A/Frameworks/Metadata.framework/Versions/A/Metadata
0x00007fff332a0000 	/System/Library/Frameworks/CoreServices.framework/Versions/A/Frameworks/OSServices.framework/Versions/A/OSServices
0x00007fff332ce000 	/System/Library/Frameworks/CoreServices.framework/Versions/A/Frameworks/SearchKit.framework/Versions/A/SearchKit
0x00007fff32c0d000 	/System/Library/Frameworks/CoreServices.framework/Versions/A/Frameworks/AE.framework/Versions/A/AE
0x00007fff32fcc000 	/System/Library/Frameworks/CoreServices.framework/Versions/A/Frameworks/LaunchServices.framework/Versions/A/LaunchServices
0x00007fff32f75000 	/System/Library/Frameworks/CoreServices.framework/Versions/A/Frameworks/DictionaryServices.framework/Versions/A/DictionaryServices
0x00007fff33336000 	/System/Library/Frameworks/CoreServices.framework/Versions/A/Frameworks/SharedFileList.framework/Versions/A/SharedFileList
0x00007fff381c5000 	/System/Library/Frameworks/NetFS.framework/Versions/A/NetFS
0x00007fff58d13000 	/System/Library/PrivateFrameworks/NetAuth.framework/Versions/A/NetAuth
0x00007fff6569b000 	/System/Library/PrivateFrameworks/login.framework/Versions/A/Frameworks/loginsupport.framework/Versions/A/loginsupport
0x00007fff61fa9000 	/System/Library/PrivateFrameworks/TCC.framework/Versions/A/TCC
0x00007fff49c13000 	/System/Library/PrivateFrameworks/CoreNLP.framework/Versions/A/CoreNLP
0x00007fff58210000 	/System/Library/PrivateFrameworks/MetadataUtilities.framework/Versions/A/MetadataUtilities
0x00007fff69973000 	/usr/lib/libmecabra.dylib
0x00007fff698cb000 	/usr/lib/libmecab.dylib
0x00007fff69527000 	/usr/lib/libgermantok.dylib
0x00007fff687ec000 	/usr/lib/libThaiTokenizer.dylib
0x00007fff681f2000 	/usr/lib/libChineseTokenizer.dylib
0x00007fff2d4c3000 	/System/Library/Frameworks/Accelerate.framework/Versions/A/Frameworks/vImage.framework/Versions/A/vImage
0x00007fff2e92d000 	/System/Library/Frameworks/Accelerate.framework/Versions/A/Frameworks/vecLib.framework/Versions/A/vecLib
0x00007fff2e86a000 	/System/Library/Frameworks/Accelerate.framework/Versions/A/Frameworks/vecLib.framework/Versions/A/libvMisc.dylib
0x00007fff2e692000 	/System/Library/Frameworks/Accelerate.framework/Versions/A/Frameworks/vecLib.framework/Versions/A/libvDSP.dylib
0x00007fff2db1a000 	/System/Library/Frameworks/Accelerate.framework/Versions/A/Frameworks/vecLib.framework/Versions/A/libBLAS.dylib
0x00007fff2e256000 	/System/Library/Frameworks/Accelerate.framework/Versions/A/Frameworks/vecLib.framework/Versions/A/libLAPACK.dylib
0x00007fff2e5f2000 	/System/Library/Frameworks/Accelerate.framework/Versions/A/Frameworks/vecLib.framework/Versions/A/libLinearAlgebra.dylib
0x00007fff2e67f000 	/System/Library/Frameworks/Accelerate.framework/Versions/A/Frameworks/vecLib.framework/Versions/A/libSparseBLAS.dylib
0x00007fff2e608000 	/System/Library/Frameworks/Accelerate.framework/Versions/A/Frameworks/vecLib.framework/Versions/A/libQuadrature.dylib
0x00007fff2dd82000 	/System/Library/Frameworks/Accelerate.framework/Versions/A/Frameworks/vecLib.framework/Versions/A/libBNNS.dylib
0x00007fff2e60e000 	/System/Library/Frameworks/Accelerate.framework/Versions/A/Frameworks/vecLib.framework/Versions/A/libSparse.dylib
0x00007fff56d84000 	/System/Library/PrivateFrameworks/LanguageModeling.framework/Versions/A/LanguageModeling
0x00007fff495c3000 	/System/Library/PrivateFrameworks/CoreEmoji.framework/Versions/A/CoreEmoji
0x00007fff56ea2000 	/System/Library/PrivateFrameworks/LinguisticData.framework/Versions/A/LinguisticData
0x00007fff56e53000 	/System/Library/PrivateFrameworks/Lexicon.framework/Versions/A/Lexicon
0x00007fff68aae000 	/usr/lib/libcmph.dylib
0x00007fff3adb4000 	/System/Library/Frameworks/OpenDirectory.framework/Versions/A/Frameworks/CFOpenDirectory.framework/Versions/A/CFOpenDirectory
0x00007fff3add1000 	/System/Library/Frameworks/OpenDirectory.framework/Versions/A/OpenDirectory
0x00007fff43212000 	/System/Library/PrivateFrameworks/APFS.framework/Versions/A/APFS
0x00007fff3e4c1000 	/System/Library/Frameworks/SecurityFoundation.framework/Versions/A/SecurityFoundation
0x00007fff6ab74000 	/usr/lib/libutil.dylib
0x00007fff4aaf8000 	/System/Library/PrivateFrameworks/CoreServicesStore.framework/Versions/A/CoreServicesStore
0x00007fff3e578000 	/System/Library/Frameworks/ServiceManagement.framework/Versions/A/ServiceManagement
0x00007fff467b2000 	/System/Library/PrivateFrameworks/BackgroundTaskManagement.framework/Versions/A/BackgroundTaskManagement
0x00007fff6ac71000 	/usr/lib/libxslt.1.dylib
0x00007fff45655000 	/System/Library/PrivateFrameworks/AppleSystemInfo.framework/Versions/A/AppleSystemInfo
0x00007fff3496b000 	/System/Library/Frameworks/ImageIO.framework/Versions/A/Resources/libJPEG.dylib
0x00007fff34c29000 	/System/Library/Frameworks/ImageIO.framework/Versions/A/Resources/libTIFF.dylib
0x00007fff34c0c000 	/System/Library/Frameworks/ImageIO.framework/Versions/A/Resources/libPng.dylib
0x00007fff348ad000 	/System/Library/Frameworks/ImageIO.framework/Versions/A/Resources/libGIF.dylib
0x00007fff348b1000 	/System/Library/Frameworks/ImageIO.framework/Versions/A/Resources/libJP2.dylib
0x00007fff34c27000 	/System/Library/Frameworks/ImageIO.framework/Versions/A/Resources/libRadiance.dylib
0x00007fff694f0000 	/usr/lib/libexpat.1.dylib
0x00007fff4513d000 	/System/Library/PrivateFrameworks/AppleJPEG.framework/Versions/A/AppleJPEG
0x00007fff4ddf8000 	/System/Library/PrivateFrameworks/FontServices.framework/libFontParser.dylib
0x00007fff6469d000 	/System/Library/PrivateFrameworks/WatchdogClient.framework/Versions/A/WatchdogClient
0x00007fff563df000 	/System/Library/PrivateFrameworks/IOAccelerator.framework/Versions/A/IOAccelerator
0x00007fff37136000 	/System/Library/Frameworks/MetalPerformanceShaders.framework/Versions/A/MetalPerformanceShaders
0x00007fff52b75000 	/System/Library/PrivateFrameworks/GPUWrangler.framework/Versions/A/GPUWrangler
0x00007fff563f4000 	/System/Library/PrivateFrameworks/IOPresentment.framework/Versions/A/IOPresentment
0x00007fff4b678000 	/System/Library/PrivateFrameworks/DSExternalDisplay.framework/Versions/A/DSExternalDisplay
0x00007fff3b745000 	/System/Library/Frameworks/OpenGL.framework/Versions/A/Libraries/libCoreFSCache.dylib
0x00007fff36e82000 	/System/Library/Frameworks/MetalPerformanceShaders.framework/Frameworks/MPSCore.framework/Versions/A/MPSCore
0x00007fff36ec0000 	/System/Library/Frameworks/MetalPerformanceShaders.framework/Frameworks/MPSImage.framework/Versions/A/MPSImage
0x00007fff36f87000 	/System/Library/Frameworks/MetalPerformanceShaders.framework/Frameworks/MPSNeuralNetwork.framework/Versions/A/MPSNeuralNetwork
0x00007fff36f4b000 	/System/Library/Frameworks/MetalPerformanceShaders.framework/Frameworks/MPSMatrix.framework/Versions/A/MPSMatrix
0x00007fff370e6000 	/System/Library/Frameworks/MetalPerformanceShaders.framework/Frameworks/MPSRayIntersector.framework/Versions/A/MPSRayIntersector
0x00007fff36f71000 	/System/Library/Frameworks/MetalPerformanceShaders.framework/Frameworks/MPSNDArray.framework/Versions/A/MPSNDArray
0x00007fff5825d000 	/System/Library/PrivateFrameworks/MetalTools.framework/Versions/A/MetalTools
0x00007fff443ec000 	/System/Library/PrivateFrameworks/AggregateDictionary.framework/Versions/A/AggregateDictionary
0x00007fff4900b000 	/System/Library/PrivateFrameworks/CoreAnalytics.framework/Versions/A/CoreAnalytics
0x00007fff45574000 	/System/Library/PrivateFrameworks/AppleSauce.framework/Versions/A/AppleSauce
0x00007fff684ae000 	/usr/lib/libIOReport.dylib
0x00007fff33837000 	/System/Library/Frameworks/CoreVideo.framework/Versions/A/CoreVideo
0x00007fff53fee000 	/System/Library/PrivateFrameworks/GraphVisualizer.framework/Versions/A/GraphVisualizer
0x00007fff4d33e000 	/System/Library/PrivateFrameworks/FaceCore.framework/Versions/A/FaceCore
0x00007fff3ad5b000 	/System/Library/Frameworks/OpenCL.framework/Versions/A/OpenCL
0x00007fff682d0000 	/usr/lib/libFosl_dynamic.dylib
0x00007fff59733000 	/System/Library/PrivateFrameworks/OTSVG.framework/Versions/A/OTSVG
0x00007fff2f9ec000 	/System/Library/Frameworks/ApplicationServices.framework/Versions/A/Frameworks/ATS.framework/Versions/A/Resources/libFontRegistry.dylib
0x00007fff4dfc9000 	/System/Library/PrivateFrameworks/FontServices.framework/libhvf.dylib
0x00007fff3b750000 	/System/Library/Frameworks/OpenGL.framework/Versions/A/Libraries/libGFXShared.dylib
0x00007fff3b92e000 	/System/Library/Frameworks/OpenGL.framework/Versions/A/Libraries/libGLU.dylib
0x00007fff3b759000 	/System/Library/Frameworks/OpenGL.framework/Versions/A/Libraries/libGL.dylib
0x00007fff3b764000 	/System/Library/Frameworks/OpenGL.framework/Versions/A/Libraries/libGLImage.dylib
0x00007fff3b742000 	/System/Library/Frameworks/OpenGL.framework/Versions/A/Libraries/libCVMSPluginSupport.dylib
0x00007fff3b74b000 	/System/Library/Frameworks/OpenGL.framework/Versions/A/Libraries/libCoreVMClient.dylib
0x00007fff69f42000 	/usr/lib/libncurses.5.4.dylib
0x00007fff2f8e8000 	/System/Library/Frameworks/ApplicationServices.framework/Versions/A/Frameworks/ATS.framework/Versions/A/ATS
0x00007fff2fab5000 	/System/Library/Frameworks/ApplicationServices.framework/Versions/A/Frameworks/ColorSyncLegacy.framework/Versions/A/ColorSyncLegacy
0x00007fff2fb53000 	/System/Library/Frameworks/ApplicationServices.framework/Versions/A/Frameworks/HIServices.framework/Versions/A/HIServices
0x00007fff2fbab000 	/System/Library/Frameworks/ApplicationServices.framework/Versions/A/Frameworks/LangAnalysis.framework/Versions/A/LangAnalysis
0x00007fff2fbba000 	/System/Library/Frameworks/ApplicationServices.framework/Versions/A/Frameworks/PrintCore.framework/Versions/A/PrintCore
0x00007fff2fc00000 	/System/Library/Frameworks/ApplicationServices.framework/Versions/A/Frameworks/QD.framework/Versions/A/QD
0x00007fff2fc0b000 	/System/Library/Frameworks/ApplicationServices.framework/Versions/A/Frameworks/SpeechSynthesis.framework/Versions/A/SpeechSynthesis
0x00007fff2fa85000 	/System/Library/Frameworks/ApplicationServices.framework/Versions/A/Frameworks/ATSUI.framework/Versions/A/ATSUI
0x00007fff69386000 	/usr/lib/libcups.2.dylib
0x00007fff361d1000 	/System/Library/Frameworks/Kerberos.framework/Versions/A/Kerberos
0x00007fff34313000 	/System/Library/Frameworks/GSS.framework/Versions/A/GSS
0x00007fff6a6c5000 	/usr/lib/libresolv.9.dylib
0x00007fff5419b000 	/System/Library/PrivateFrameworks/Heimdal.framework/Versions/A/Heimdal
0x00007fff361e4000 	/System/Library/Frameworks/Kerberos.framework/Versions/A/Libraries/libHeimdalProxy.dylib
0x00007fff6952d000 	/usr/lib/libheimdal-asn1.dylib
0x00007fff484a3000 	/System/Library/PrivateFrameworks/CommonAuth.framework/Versions/A/CommonAuth
0x00007fff456f2000 	/System/Library/PrivateFrameworks/AssertionServices.framework/Versions/A/AssertionServices
0x00007fff46295000 	/System/Library/PrivateFrameworks/AudioToolboxCore.framework/Versions/A/AudioToolboxCore
0x00007fff6534b000 	/System/Library/PrivateFrameworks/caulk.framework/Versions/A/caulk
0x00007fff4685e000 	/System/Library/PrivateFrameworks/BaseBoard.framework/Versions/A/BaseBoard
0x00007fff5d996000 	/System/Library/PrivateFrameworks/RunningBoardServices.framework/Versions/A/RunningBoardServices
0x00007fff5a9a7000 	/System/Library/PrivateFrameworks/PersistentConnection.framework/Versions/A/PersistentConnection
0x00007fff5d38f000 	/System/Library/PrivateFrameworks/ProtocolBuffer.framework/Versions/A/ProtocolBuffer
0x00007fff484c7000 	/System/Library/PrivateFrameworks/CommonUtilities.framework/Versions/A/CommonUtilities
0x00007fff469ec000 	/System/Library/PrivateFrameworks/Bom.framework/Versions/A/Bom
0x00007fff68181000 	/usr/lib/libAudioToolboxUtility.dylib
0x00007fff467bc000 	/System/Library/PrivateFrameworks/Backup.framework/Versions/A/Backup
0x00007fff4b599000 	/System/Library/PrivateFrameworks/CrashReporterSupport.framework/Versions/A/CrashReporterSupport
0x00007fff5f428000 	/System/Library/PrivateFrameworks/Sharing.framework/Versions/A/Sharing
0x00007fff44d00000 	/System/Library/PrivateFrameworks/Apple80211.framework/Versions/A/Apple80211
0x00007fff464d9000 	/System/Library/PrivateFrameworks/AuthKit.framework/Versions/A/AuthKit
0x00007fff4b2a6000 	/System/Library/PrivateFrameworks/CoreUtils.framework/Versions/A/CoreUtils
0x00007fff3387c000 	/System/Library/Frameworks/CoreWLAN.framework/Versions/A/CoreWLAN
0x00007fff344a0000 	/System/Library/Frameworks/IOBluetooth.framework/Versions/A/IOBluetooth
0x00007fff58562000 	/System/Library/PrivateFrameworks/MobileKeyBag.framework/Versions/A/MobileKeyBag
0x00007fff4a0ab000 	/System/Library/PrivateFrameworks/CorePhoneNumbers.framework/Versions/A/CorePhoneNumbers
0x00007fff450f0000 	/System/Library/PrivateFrameworks/AppleIDAuthSupport.framework/Versions/A/AppleIDAuthSupport
0x00007fff381d2000 	/System/Library/Frameworks/Network.framework/Versions/A/Network
0x00007fff56c30000 	/System/Library/PrivateFrameworks/KeychainCircle.framework/Versions/A/KeychainCircle
0x00007fff312cd000 	/System/Library/Frameworks/CoreBluetooth.framework/Versions/A/CoreBluetooth
0x00007fff614a7000 	/System/Library/PrivateFrameworks/SpeechRecognitionCore.framework/Versions/A/SpeechRecognitionCore
0x00007fff248ef000 	/System/Library/CoreServices/Encodings/libSimplifiedChineseConverter.dylib
0x000000010dc00000 	/Library/Java/JavaVirtualMachines/jdk1.8.0_251.jdk/Contents/Home/jre/lib/server/libjvm.dylib
0x00007fff6aa47000 	/usr/lib/libstdc++.6.dylib
0x000000010ca6d000 	/Library/Java/JavaVirtualMachines/jdk1.8.0_251.jdk/Contents/Home/jre/lib/libverify.dylib
0x000000010ca7b000 	/Library/Java/JavaVirtualMachines/jdk1.8.0_251.jdk/Contents/Home/jre/lib/libjava.dylib
0x000000010cab2000 	/Library/Java/JavaVirtualMachines/jdk1.8.0_251.jdk/Contents/Home/jre/lib/libjdwp.dylib
0x000000010cafd000 	/Library/Java/JavaVirtualMachines/jdk1.8.0_251.jdk/Contents/Home/jre/lib/libnpt.dylib
0x000000010cb01000 	/Library/Java/JavaVirtualMachines/jdk1.8.0_251.jdk/Contents/Home/jre/lib/libinstrument.dylib
0x000000010cb6d000 	/Library/Java/JavaVirtualMachines/jdk1.8.0_251.jdk/Contents/Home/jre/lib/libzip.dylib
0x000000010cbae000 	/Library/Java/JavaVirtualMachines/jdk1.8.0_251.jdk/Contents/Home/jre/lib/libdt_socket.dylib
0x000000011638a000 	/Library/Java/JavaVirtualMachines/jdk1.8.0_251.jdk/Contents/Home/jre/lib/libnet.dylib
0x00000001163a1000 	/Library/Java/JavaVirtualMachines/jdk1.8.0_251.jdk/Contents/Home/jre/lib/libmanagement.dylib
0x00000001163af000 	/Library/Java/JavaVirtualMachines/jdk1.8.0_251.jdk/Contents/Home/jre/lib/libnio.dylib
0x0000000117a8a000 	/Library/Java/JavaVirtualMachines/jdk1.8.0_251.jdk/Contents/Home/jre/lib/libsunec.dylib
0x00007fff6ab19000 	/usr/lib/libusrtcp.dylib

VM Arguments:
jvm_args: -agentlib:jdwp=transport=dt_socket,address=127.0.0.1:49478,suspend=y,server=n -XX:TieredStopAtLevel=1 -Xverify:none -Dspring.output.ansi.enabled=always -Dcom.sun.management.jmxremote -Dspring.jmx.enabled=true -Dspring.liveBeansView.mbeanDomain -Dspring.application.admin.enabled=true -javaagent:/Users/bjhl/Library/Caches/IntelliJIdea2019.3/captureAgent/debugger-agent.jar -Dfile.encoding=UTF-8 
java_command: com.fxb.mocker.springbootmockdemo.Application
java_class_path (initial): /Library/Java/JavaVirtualMachines/jdk1.8.0_251.jdk/Contents/Home/jre/lib/charsets.jar:/Library/Java/JavaVirtualMachines/jdk1.8.0_251.jdk/Contents/Home/jre/lib/deploy.jar:/Library/Java/JavaVirtualMachines/jdk1.8.0_251.jdk/Contents/Home/jre/lib/ext/cldrdata.jar:/Library/Java/JavaVirtualMachines/jdk1.8.0_251.jdk/Contents/Home/jre/lib/ext/dnsns.jar:/Library/Java/JavaVirtualMachines/jdk1.8.0_251.jdk/Contents/Home/jre/lib/ext/jaccess.jar:/Library/Java/JavaVirtualMachines/jdk1.8.0_251.jdk/Contents/Home/jre/lib/ext/jfxrt.jar:/Library/Java/JavaVirtualMachines/jdk1.8.0_251.jdk/Contents/Home/jre/lib/ext/localedata.jar:/Library/Java/JavaVirtualMachines/jdk1.8.0_251.jdk/Contents/Home/jre/lib/ext/nashorn.jar:/Library/Java/JavaVirtualMachines/jdk1.8.0_251.jdk/Contents/Home/jre/lib/ext/sunec.jar:/Library/Java/JavaVirtualMachines/jdk1.8.0_251.jdk/Contents/Home/jre/lib/ext/sunjce_provider.jar:/Library/Java/JavaVirtualMachines/jdk1.8.0_251.jdk/Contents/Home/jre/lib/ext/sunpkcs11.jar:/Library/Java/JavaVirtualMachines/jdk1.8.0_251.jdk/Contents/Home/jre/lib/ext/zipfs.jar:/Library/Java/JavaVirtualMachines/jdk1.8.0_251.jdk/Contents/Home/jre/lib/javaws.jar:/Library/Java/JavaVirtualMachines/jdk1.8.0_251.jdk/Contents/Home/jre/lib/jce.jar:/Library/Java/JavaVirtualMachines/jdk1.8.0_251.jdk/Contents/Home/jre/lib/jfr.jar:/Library/Java/JavaVirtualMachines/jdk1.8.0_251.jdk/Contents/Home/jre/lib/jfxswt.jar:/Library/Java/JavaVirtualMachines/jdk1.8.0_251.jdk/Contents/Home/jre/lib/jsse.jar:/Library/Java/JavaVirtualMachines/jdk1.8.0_251.jdk/Contents/Home/jre/lib/management-agent.jar:/Library/Java/JavaVirtualMachines/jdk1.8.0_251.jdk/Contents/Home/jre/lib/plugin.jar:/Library/Java/JavaVirtualMachines/jdk1.8.0_251.jdk/Contents/Home/jre/lib/resources.jar:/Library/Java/JavaVirtualMachines/jdk1.8.0_251.jdk/Contents/Home/jre/lib/rt.jar:/Library/Java/JavaVirtualMachines/jdk1.8.0_251.jdk/Contents/Home/lib/ant-javafx.jar:/Library/Java/JavaVirtualMachines/jdk1.8.0_251.jdk/Contents/Home
Launcher Type: SUN_STANDARD

Environment Variables:
PATH=/Library/gradle-6.5.1/bin:/Users/bjhl/bin:/usr/local/bin:/usr/local/bin:/usr/bin:/bin:/usr/sbin:/sbin:/Users/bjhl/Documents/apache-maven-3.6.3/bin:/Users/bjhl/fxb_applicaton/fxb_program/kibana-7.10.1-darwin-x86_64/bin:/Users/bjhl/fxb_applicaton/fxb_program/elasticsearch-7.10.1/bin:/usr/local/mysql/bin
SHELL=/bin/zsh

Signal Handlers:
SIGSEGV: [libjvm.dylib+0x5bc2ff], sa_mask[0]=11111111011111110111111111111111, sa_flags=SA_ONSTACK|SA_RESTART|SA_SIGINFO
SIGBUS: [libjvm.dylib+0x5bc2ff], sa_mask[0]=11111111011111110111111111111111, sa_flags=SA_RESTART|SA_SIGINFO
SIGFPE: [libjvm.dylib+0x48d41c], sa_mask[0]=11111111011111110111111111111111, sa_flags=SA_RESTART|SA_SIGINFO
SIGPIPE: [libjvm.dylib+0x48d41c], sa_mask[0]=11111111011111110111111111111111, sa_flags=SA_RESTART|SA_SIGINFO
SIGXFSZ: [libjvm.dylib+0x48d41c], sa_mask[0]=11111111011111110111111111111111, sa_flags=SA_RESTART|SA_SIGINFO
SIGILL: [libjvm.dylib+0x48d41c], sa_mask[0]=11111111011111110111111111111111, sa_flags=SA_RESTART|SA_SIGINFO
SIGUSR1: SIG_DFL, sa_mask[0]=00000000000000000000000000000000, sa_flags=none
SIGUSR2: [libjvm.dylib+0x48cf3a], sa_mask[0]=00100000000000000000000000000000, sa_flags=SA_RESTART|SA_SIGINFO
SIGHUP: [libjvm.dylib+0x48b4c5], sa_mask[0]=11111111011111110111111111111111, sa_flags=SA_RESTART|SA_SIGINFO
SIGINT: [libjvm.dylib+0x48b4c5], sa_mask[0]=11111111011111110111111111111111, sa_flags=SA_RESTART|SA_SIGINFO
SIGTERM: [libjvm.dylib+0x48b4c5], sa_mask[0]=11111111011111110111111111111111, sa_flags=SA_RESTART|SA_SIGINFO
SIGQUIT: [libjvm.dylib+0x48b4c5], sa_mask[0]=11111111011111110111111111111111, sa_flags=SA_RESTART|SA_SIGINFO


---------------  S Y S T E M  ---------------

OS:Bsduname:Darwin 19.6.0 Darwin Kernel Version 19.6.0: Thu Jun 18 20:49:00 PDT 2020; root:xnu-6153.141.1~1/RELEASE_X86_64 x86_64
rlimit: STACK 8192k, CORE 0k, NPROC 1392, NOFILE 10240, AS infinity
load average:4.19 3.37 3.21

CPU:total 8 (initial active 8) (4 cores per cpu, 2 threads per core) family 6 model 142 stepping 10, cmov, cx8, fxsr, mmx, sse, sse2, sse3, ssse3, sse4.1, sse4.2, popcnt, avx, avx2, aes, clmul, erms, 3dnowpref, lzcnt, ht, tsc, tscinvbit, bmi1, bmi2, adx

Memory: 4k page, physical 8388608k(55408k free)

/proc/meminfo:


vm_info: Java HotSpot(TM) 64-Bit Server VM (25.251-b08) for bsd-amd64 JRE (1.8.0_251-b08), built on Mar 12 2020 02:36:37 by "java_re" with gcc 4.2.1 (Based on Apple Inc. build 5658) (LLVM build 2336.11.00)

time: Mon Mar  1 14:49:30 2021
timezone: CST
elapsed time: 1776 seconds (0d 0h 29m 36s)

